<?xml version="1.0" encoding="UTF-8"?>
<robot generator="Robot 3.1.2 (Python 3.8.1 on win32)" generated="20200326 23:19:46.489" rpa="false">
<suite id="s1" name="Teste" source="C:\qaNinja\robot\teste.robot">
<test id="s1-t1" name="Deve Retornar Mensagens de Boas Vindas">
<kw name="Welcome" library="app">
<arguments>
<arg>"Lucas"</arg>
</arguments>
<assign>
<var>${result}</var>
</assign>
<msg timestamp="20200326 23:19:46.519" level="INFO">${result} = Olá "Lucas" Bem vindo ao curso de RobotFramework!</msg>
<status status="PASS" starttime="20200326 23:19:46.518" endtime="20200326 23:19:46.519"></status>
</kw>
<kw name="Log To Console" library="BuiltIn">
<doc>Logs the given message to the console.</doc>
<arguments>
<arg>${result}</arg>
</arguments>
<status status="PASS" starttime="20200326 23:19:46.519" endtime="20200326 23:19:46.520"></status>
</kw>
<kw name="Should Be Equal" library="BuiltIn">
<doc>Fails if the given objects are unequal.</doc>
<arguments>
<arg>${result}</arg>
<arg>Olá "Lucas" Bem vindo ao curso de RobotFramework!</arg>
</arguments>
<status status="PASS" starttime="20200326 23:19:46.520" endtime="20200326 23:19:46.521"></status>
</kw>
<status status="PASS" starttime="20200326 23:19:46.518" endtime="20200326 23:19:46.521" critical="yes"></status>
</test>
<status status="PASS" starttime="20200326 23:19:46.489" endtime="20200326 23:19:46.526"></status>
</suite>
<statistics>
<total>
<stat pass="1" fail="0">Critical Tests</stat>
<stat pass="1" fail="0">All Tests</stat>
</total>
<tag>
</tag>
<suite>
<stat pass="1" fail="0" id="s1" name="Teste">Teste</stat>
</suite>
</statistics>
<errors>
</errors>
</robot>
