<?xml version="1.0" encoding="UTF-8"?>
<robot generator="Robot 3.1.2 (Python 3.8.1 on win32)" generated="20200327 00:43:49.171" rpa="false">
<suite id="s1" name="Title" source="C:\qaNinja\robot\web\title.robot">
<test id="s1-t1" name="Cenário 1 - Conferir Título">
<kw name="Verificar se o title da página é o correspondente">
<kw name="Open Browser" library="SeleniumLibrary">
<doc>Opens a new browser instance to the optional ``url``.</doc>
<arguments>
<arg>${URL}</arg>
<arg>${BROWSER}</arg>
</arguments>
<msg timestamp="20200327 00:43:49.341" level="INFO">Opening browser 'chrome' to base url 'https://training-wheels-protocol.herokuapp.com/'.</msg>
<status status="PASS" starttime="20200327 00:43:49.341" endtime="20200327 00:44:02.330"></status>
</kw>
<kw name="Title Should Be" library="SeleniumLibrary">
<doc>Verifies that the current page title equals ``title``.</doc>
<arguments>
<arg>Training Wheels Protocol</arg>
</arguments>
<msg timestamp="20200327 00:44:02.340" level="INFO">Page title is 'Training Wheels Protocol'.</msg>
<status status="PASS" starttime="20200327 00:44:02.331" endtime="20200327 00:44:02.340"></status>
</kw>
<kw name="Close Browser" library="SeleniumLibrary">
<doc>Closes the current browser.</doc>
<status status="PASS" starttime="20200327 00:44:02.340" endtime="20200327 00:44:04.538"></status>
</kw>
<status status="PASS" starttime="20200327 00:43:49.340" endtime="20200327 00:44:04.538"></status>
</kw>
<status status="PASS" starttime="20200327 00:43:49.339" endtime="20200327 00:44:04.541" critical="yes"></status>
</test>
<status status="PASS" starttime="20200327 00:43:49.176" endtime="20200327 00:44:04.547"></status>
</suite>
<statistics>
<total>
<stat pass="1" fail="0">Critical Tests</stat>
<stat pass="1" fail="0">All Tests</stat>
</total>
<tag>
</tag>
<suite>
<stat pass="1" fail="0" id="s1" name="Title">Title</stat>
</suite>
</statistics>
<errors>
</errors>
</robot>
